[0.010s] Invoking command in '/home/zoupeng/teamclimber_workspace/build/teamclimber_challenge': CMAKE_PREFIX_PATH=${CMAKE_PREFIX_PATH}:/opt/ros/humble /usr/bin/cmake --build /home/zoupeng/teamclimber_workspace/build/teamclimber_challenge -- -j32 -l32
[0.054s] [35m[1mConsolidate compiler generated dependencies of target vision_node[0m
[0.075s] [ 25%] [32mBuilding CXX object CMakeFiles/vision_node.dir/src/vision_node.cpp.o[0m
[0.075s] [ 75%] [32mBuilding CXX object CMakeFiles/vision_node.dir/src/image_deal.cpp.o[0m
[0.075s] [ 75%] [32mBuilding CXX object CMakeFiles/vision_node.dir/src/shape_tools.cpp.o[0m
[5.582s] [100%] [32m[1mLinking CXX executable vision_node[0m
[5.765s] /usr/bin/ld: warning: libopencv_imgproc.so.4.5d, needed by /opt/ros/humble/lib/libcv_bridge.so, may conflict with libopencv_imgproc.so.405
[5.766s] /usr/bin/ld: warning: libopencv_core.so.4.5d, needed by /opt/ros/humble/lib/libcv_bridge.so, may conflict with libopencv_core.so.405
[6.051s] [100%] Built target vision_node
[6.059s] Invoked command in '/home/zoupeng/teamclimber_workspace/build/teamclimber_challenge' returned '0': CMAKE_PREFIX_PATH=${CMAKE_PREFIX_PATH}:/opt/ros/humble /usr/bin/cmake --build /home/zoupeng/teamclimber_workspace/build/teamclimber_challenge -- -j32 -l32
[6.065s] Invoking command in '/home/zoupeng/teamclimber_workspace/build/teamclimber_challenge': CMAKE_PREFIX_PATH=${CMAKE_PREFIX_PATH}:/opt/ros/humble /usr/bin/cmake --install /home/zoupeng/teamclimber_workspace/build/teamclimber_challenge
[6.070s] -- Install configuration: ""
[6.071s] -- Installing: /home/zoupeng/teamclimber_workspace/install/teamclimber_challenge/lib/teamclimber_challenge/vision_node
[6.074s] -- Set runtime path of "/home/zoupeng/teamclimber_workspace/install/teamclimber_challenge/lib/teamclimber_challenge/vision_node" to ""
[6.074s] -- Up-to-date: /home/zoupeng/teamclimber_workspace/install/teamclimber_challenge/share/teamclimber_challenge/launch
[6.074s] -- Up-to-date: /home/zoupeng/teamclimber_workspace/install/teamclimber_challenge/share/teamclimber_challenge/launch/vision.launch.py
[6.074s] -- Up-to-date: /home/zoupeng/teamclimber_workspace/install/teamclimber_challenge/share/teamclimber_challenge/launch/shooter.launch.py
[6.074s] -- Up-to-date: /home/zoupeng/teamclimber_workspace/install/teamclimber_challenge/share/ament_index/resource_index/package_run_dependencies/teamclimber_challenge
[6.074s] -- Up-to-date: /home/zoupeng/teamclimber_workspace/install/teamclimber_challenge/share/ament_index/resource_index/parent_prefix_path/teamclimber_challenge
[6.074s] -- Up-to-date: /home/zoupeng/teamclimber_workspace/install/teamclimber_challenge/share/teamclimber_challenge/environment/ament_prefix_path.sh
[6.074s] -- Installing: /home/zoupeng/teamclimber_workspace/install/teamclimber_challenge/share/teamclimber_challenge/environment/ament_prefix_path.dsv
[6.074s] -- Up-to-date: /home/zoupeng/teamclimber_workspace/install/teamclimber_challenge/share/teamclimber_challenge/environment/path.sh
[6.074s] -- Installing: /home/zoupeng/teamclimber_workspace/install/teamclimber_challenge/share/teamclimber_challenge/environment/path.dsv
[6.074s] -- Up-to-date: /home/zoupeng/teamclimber_workspace/install/teamclimber_challenge/share/teamclimber_challenge/local_setup.bash
[6.074s] -- Up-to-date: /home/zoupeng/teamclimber_workspace/install/teamclimber_challenge/share/teamclimber_challenge/local_setup.sh
[6.074s] -- Up-to-date: /home/zoupeng/teamclimber_workspace/install/teamclimber_challenge/share/teamclimber_challenge/local_setup.zsh
[6.074s] -- Installing: /home/zoupeng/teamclimber_workspace/install/teamclimber_challenge/share/teamclimber_challenge/local_setup.dsv
[6.074s] -- Installing: /home/zoupeng/teamclimber_workspace/install/teamclimber_challenge/share/teamclimber_challenge/package.dsv
[6.074s] -- Up-to-date: /home/zoupeng/teamclimber_workspace/install/teamclimber_challenge/share/ament_index/resource_index/packages/teamclimber_challenge
[6.074s] -- Up-to-date: /home/zoupeng/teamclimber_workspace/install/teamclimber_challenge/share/teamclimber_challenge/cmake/teamclimber_challengeConfig.cmake
[6.074s] -- Up-to-date: /home/zoupeng/teamclimber_workspace/install/teamclimber_challenge/share/teamclimber_challenge/cmake/teamclimber_challengeConfig-version.cmake
[6.075s] -- Up-to-date: /home/zoupeng/teamclimber_workspace/install/teamclimber_challenge/share/teamclimber_challenge/package.xml
[6.076s] Invoked command in '/home/zoupeng/teamclimber_workspace/build/teamclimber_challenge' returned '0': CMAKE_PREFIX_PATH=${CMAKE_PREFIX_PATH}:/opt/ros/humble /usr/bin/cmake --install /home/zoupeng/teamclimber_workspace/build/teamclimber_challenge
