-- Found ament_cmake: 1.3.12 (/opt/ros/humble/share/ament_cmake/cmake)
-- Found rclcpp: 16.0.15 (/opt/ros/humble/share/rclcpp/cmake)
-- Found rosidl_generator_c: 3.1.7 (/opt/ros/humble/share/rosidl_generator_c/cmake)
-- Found rosidl_adapter: 3.1.7 (/opt/ros/humble/share/rosidl_adapter/cmake)
-- Found rosidl_generator_cpp: 3.1.7 (/opt/ros/humble/share/rosidl_generator_cpp/cmake)
-- Using all available rosidl_typesupport_c: rosidl_typesupport_fastrtps_c;rosidl_typesupport_introspection_c
-- Using all available rosidl_typesupport_cpp: rosidl_typesupport_fastrtps_cpp;rosidl_typesupport_introspection_cpp
-- Found rmw_implementation_cmake: 6.1.2 (/opt/ros/humble/share/rmw_implementation_cmake/cmake)
-- Found rmw_fastrtps_cpp: 6.2.9 (/opt/ros/humble/share/rmw_fastrtps_cpp/cmake)
-- Using RMW implementation 'rmw_fastrtps_cpp' as default
-- Found gazebo_msgs: 3.9.0 (/opt/ros/humble/share/gazebo_msgs/cmake)
-- Found cv_bridge: 3.2.1 (/opt/ros/humble/share/cv_bridge/cmake)
-- Found referee_pkg: 0.0.0 (/home/zoupeng/Vision_Arena_2025/install/referee_pkg/share/referee_pkg/cmake)
-- Found pose_msg: 0.0.0 (/home/zoupeng/Vision_Arena_2025/install/pose_msg/share/pose_msg/cmake)
-- Found ament_lint_auto: 0.12.14 (/opt/ros/humble/share/ament_lint_auto/cmake)
-- Added test 'cppcheck' to perform static code analysis on C / C++ code
-- Configured cppcheck include dirs: /home/zoupeng/teamclimber_workspace/src/teamclimber_challenge/include
-- Configured cppcheck exclude dirs and/or files: 
-- Added test 'flake8' to check Python code syntax and style conventions
-- Added test 'lint_cmake' to check CMake code style
-- Added test 'pep257' to check Python code against some of the docstring style conventions in PEP 257
-- Added test 'uncrustify' to check C / C++ code style
-- Configured uncrustify additional arguments: 
-- Added test 'xmllint' to check XML markup files
-- Configuring done
-- Generating done
-- Build files have been written to: /home/zoupeng/teamclimber_workspace/build/teamclimber_challenge
[35m[1mConsolidate compiler generated dependencies of target vision_node[0m
[ 50%] [32mBuilding CXX object CMakeFiles/vision_node.dir/src/image_deal.cpp.o[0m
[ 50%] [32mBuilding CXX object CMakeFiles/vision_node.dir/src/shape_tools.cpp.o[0m
[ 75%] [32mBuilding CXX object CMakeFiles/vision_node.dir/src/vision_node.cpp.o[0m
In file included from [01m[K/home/zoupeng/teamclimber_workspace/src/teamclimber_challenge/include/image_deal.h:19[m[K,
                 from [01m[K/home/zoupeng/teamclimber_workspace/src/teamclimber_challenge/src/image_deal.cpp:1[m[K:
[01m[K/home/zoupeng/teamclimber_workspace/src/teamclimber_challenge/include/shape_tools.h:23:2:[m[K [01;31m[Kerror: [m[Kexpected ‘[01m[K;[m[K’ after class definition
   23 | }
      |  [01;31m[K^[m[K
      |  [32m[K;[m[K
In file included from [01m[K/home/zoupeng/teamclimber_workspace/src/teamclimber_challenge/include/image_deal.h:19[m[K,
                 from [01m[K/home/zoupeng/teamclimber_workspace/src/teamclimber_challenge/src/vision_node.cpp:16[m[K:
[01m[K/home/zoupeng/teamclimber_workspace/src/teamclimber_challenge/include/shape_tools.h:23:2:[m[K [01;31m[Kerror: [m[Kexpected ‘[01m[K;[m[K’ after class definition
   23 | }
      |  [01;31m[K^[m[K
      |  [32m[K;[m[K
[01m[K/home/zoupeng/teamclimber_workspace/src/teamclimber_challenge/src/image_deal.cpp:[m[K In member function ‘[01m[Kvoid vision_node::callback_camera(sensor_msgs::msg::Image_<std::allocator<void> >::SharedPtr)[m[K’:
[01m[K/home/zoupeng/teamclimber_workspace/src/teamclimber_challenge/src/image_deal.cpp:78:53:[m[K [01;31m[Kerror: [m[K‘[01m[Kstatic std::vector<cv::Point_<float> > shape_tools::calculateStableSpherePoints(const Point2f&, float)[m[K’ is private within this context
   78 |             [01;31m[Kshape_tools::calculateStableSpherePoints(center, radius)[m[K;
      |             [01;31m[K~~~~~~~~~~~~~~~~~~~~~~~~~~~~~~~~~~~~~~~~^~~~~~~~~~~~~~~~[m[K
In file included from [01m[K/home/zoupeng/teamclimber_workspace/src/teamclimber_challenge/include/image_deal.h:19[m[K,
                 from [01m[K/home/zoupeng/teamclimber_workspace/src/teamclimber_challenge/src/image_deal.cpp:1[m[K:
[01m[K/home/zoupeng/teamclimber_workspace/src/teamclimber_challenge/include/shape_tools.h:22:37:[m[K [01;36m[Knote: [m[Kdeclared private here
   22 |     static std::vector<cv::Point2f> [01;36m[KcalculateStableSpherePoints[m[K(const cv::Point2f &center, float radius);
      |                                     [01;36m[K^~~~~~~~~~~~~~~~~~~~~~~~~~~[m[K
gmake[2]: *** [CMakeFiles/vision_node.dir/build.make:90：CMakeFiles/vision_node.dir/src/image_deal.cpp.o] 错误 1
gmake[2]: *** 正在等待未完成的任务....
gmake[2]: *** [CMakeFiles/vision_node.dir/build.make:76：CMakeFiles/vision_node.dir/src/vision_node.cpp.o] 错误 1
gmake[1]: *** [CMakeFiles/Makefile2:137：CMakeFiles/vision_node.dir/all] 错误 2
gmake: *** [Makefile:146：all] 错误 2
