/usr/local/include/opencv4/opencv2/stitching/detail/warpers.hpp(235): warning #611-D: overloaded virtual function "cv::detail::PlaneWarper::buildMaps" is only partially overridden in class "cv::detail::AffineWarper"
  class AffineWarper : public PlaneWarper
        ^

Remark: The warnings can be suppressed with "-diag-suppress <warning-number>"

/usr/local/include/opencv4/opencv2/stitching/detail/warpers.hpp(235): warning #611-D: overloaded virtual function "cv::detail::PlaneWarper::warp" is only partially overridden in class "cv::detail::AffineWarper"
  class AffineWarper : public PlaneWarper
        ^

/usr/local/include/opencv4/opencv2/stitching/detail/blenders.hpp(100): warning #611-D: overloaded virtual function "cv::detail::Blender::prepare" is only partially overridden in class "cv::detail::FeatherBlender"
  class FeatherBlender : public Blender
        ^

/usr/local/include/opencv4/opencv2/stitching/detail/blenders.hpp(127): warning #611-D: overloaded virtual function "cv::detail::Blender::prepare" is only partially overridden in class "cv::detail::MultiBandBlender"
  class MultiBandBlender : public Blender
        ^

/usr/local/include/opencv4/opencv2/stitching/detail/warpers.hpp(235): warning #611-D: overloaded virtual function "cv::detail::PlaneWarper::buildMaps" is only partially overridden in class "cv::detail::AffineWarper"
  class AffineWarper : public PlaneWarper
        ^

Remark: The warnings can be suppressed with "-diag-suppress <warning-number>"

/usr/local/include/opencv4/opencv2/stitching/detail/warpers.hpp(235): warning #611-D: overloaded virtual function "cv::detail::PlaneWarper::warp" is only partially overridden in class "cv::detail::AffineWarper"
  class AffineWarper : public PlaneWarper
        ^

/usr/local/include/opencv4/opencv2/stitching/detail/blenders.hpp(100): warning #611-D: overloaded virtual function "cv::detail::Blender::prepare" is only partially overridden in class "cv::detail::FeatherBlender"
  class FeatherBlender : public Blender
        ^

/usr/local/include/opencv4/opencv2/stitching/detail/blenders.hpp(127): warning #611-D: overloaded virtual function "cv::detail::Blender::prepare" is only partially overridden in class "cv::detail::MultiBandBlender"
  class MultiBandBlender : public Blender
        ^

[01m[K/home/zoupeng/teamclimber_workspace/src/teamclimber_challenge/src/YOLOv11/YOLOv11.cpp:[m[K In member function ‘[01m[Kvoid YOLOv11::build(std::string, nvinfer1::ILogger&)[m[K’:
[01m[K/home/zoupeng/teamclimber_workspace/src/teamclimber_challenge/src/YOLOv11/YOLOv11.cpp:192:38:[m[K [01;35m[Kwarning: [m[K‘[01m[Knvinfer1::BuilderFlag::kFP16[m[K’ is deprecated [[01;35m[K]8;;https://gcc.gnu.org/onlinedocs/gcc/Warning-Options.html#index-Wdeprecated-declarations-Wdeprecated-declarations]8;;[m[K]
  192 |         config->setFlag(BuilderFlag::[01;35m[KkFP16[m[K);
      |                                      [01;35m[K^~~~~[m[K
In file included from [01m[K/home/zoupeng/teamclimber_workspace/src/teamclimber_challenge/include/YOLOv11/YOLOv11.h:3[m[K,
                 from [01m[K/home/zoupeng/teamclimber_workspace/src/teamclimber_challenge/src/YOLOv11/YOLOv11.cpp:1[m[K:
[01m[K/home/zoupeng/TensorRT-10.14.1.48/include/NvInfer.h:9452:5:[m[K [01;36m[Knote: [m[Kdeclared here
 9452 |     [01;36m[KkFP16[m[K TRT_DEPRECATED_ENUM = 0,
      |     [01;36m[K^~~~~[m[K
[01m[K/home/zoupeng/teamclimber_workspace/src/teamclimber_challenge/src/YOLOv11/YOLOv11.cpp:192:38:[m[K [01;35m[Kwarning: [m[K‘[01m[Knvinfer1::BuilderFlag::kFP16[m[K’ is deprecated [[01;35m[K]8;;https://gcc.gnu.org/onlinedocs/gcc/Warning-Options.html#index-Wdeprecated-declarations-Wdeprecated-declarations]8;;[m[K]
  192 |         config->setFlag(BuilderFlag::[01;35m[KkFP16[m[K);
      |                                      [01;35m[K^~~~~[m[K
In file included from [01m[K/home/zoupeng/teamclimber_workspace/src/teamclimber_challenge/include/YOLOv11/YOLOv11.h:3[m[K,
                 from [01m[K/home/zoupeng/teamclimber_workspace/src/teamclimber_challenge/src/YOLOv11/YOLOv11.cpp:1[m[K:
[01m[K/home/zoupeng/TensorRT-10.14.1.48/include/NvInfer.h:9452:5:[m[K [01;36m[Knote: [m[Kdeclared here
 9452 |     [01;36m[KkFP16[m[K TRT_DEPRECATED_ENUM = 0,
      |     [01;36m[K^~~~~[m[K
/usr/bin/ld: warning: libopencv_imgproc.so.4.5d, needed by /opt/ros/humble/lib/libcv_bridge.so, may conflict with libopencv_imgproc.so.405
/usr/bin/ld: warning: libopencv_core.so.4.5d, needed by /opt/ros/humble/lib/libcv_bridge.so, may conflict with libopencv_core.so.405
