-- The C compiler identification is GNU 11.4.0
-- The CXX compiler identification is GNU 11.4.0
-- Detecting C compiler ABI info
-- Detecting C compiler ABI info - done
-- Check for working C compiler: /usr/bin/cc - skipped
-- Detecting C compile features
-- Detecting C compile features - done
-- Detecting CXX compiler ABI info
-- Detecting CXX compiler ABI info - done
-- Check for working CXX compiler: /usr/bin/c++ - skipped
-- Detecting CXX compile features
-- Detecting CXX compile features - done
-- Found ament_cmake: 1.3.12 (/opt/ros/humble/share/ament_cmake/cmake)
-- Found Python3: /usr/bin/python3 (found version "3.10.12") found components: Interpreter 
-- Found rclcpp: 16.0.15 (/opt/ros/humble/share/rclcpp/cmake)
-- Found rosidl_generator_c: 3.1.7 (/opt/ros/humble/share/rosidl_generator_c/cmake)
-- Found rosidl_adapter: 3.1.7 (/opt/ros/humble/share/rosidl_adapter/cmake)
-- Found rosidl_generator_cpp: 3.1.7 (/opt/ros/humble/share/rosidl_generator_cpp/cmake)
-- Using all available rosidl_typesupport_c: rosidl_typesupport_fastrtps_c;rosidl_typesupport_introspection_c
-- Using all available rosidl_typesupport_cpp: rosidl_typesupport_fastrtps_cpp;rosidl_typesupport_introspection_cpp
-- Found rmw_implementation_cmake: 6.1.2 (/opt/ros/humble/share/rmw_implementation_cmake/cmake)
-- Found rmw_fastrtps_cpp: 6.2.9 (/opt/ros/humble/share/rmw_fastrtps_cpp/cmake)
-- Found OpenSSL: /usr/lib/x86_64-linux-gnu/libcrypto.so (found version "3.0.2")  
-- Found FastRTPS: /opt/ros/humble/include  
-- Using RMW implementation 'rmw_fastrtps_cpp' as default
-- Looking for pthread.h
-- Looking for pthread.h - found
-- Performing Test CMAKE_HAVE_LIBC_PTHREAD
-- Performing Test CMAKE_HAVE_LIBC_PTHREAD - Success
-- Found Threads: TRUE  
-- Found gazebo_msgs: 3.9.0 (/opt/ros/humble/share/gazebo_msgs/cmake)
-- Found cv_bridge: 3.2.1 (/opt/ros/humble/share/cv_bridge/cmake)
-- Found referee_pkg: 0.0.0 (/home/zoupeng/Vision_Arena_2025/install/referee_pkg/share/referee_pkg/cmake)
-- Found pose_msg: 0.0.0 (/home/zoupeng/Vision_Arena_2025/install/pose_msg/share/pose_msg/cmake)
-- Found CUDA: /usr/local/cuda (found version "12.2") 
-- Configuring done
-- Generating done
-- Build files have been written to: /home/zoupeng/teamclimber_workspace/build/teamclimber_challenge
[ 16%] [34m[1mBuilding NVCC (Device) object CMakeFiles/vision_node.dir/src/YOLOv11/vision_node_generated_preprocess.cu.o[0m
[ 83%] [32mBuilding CXX object CMakeFiles/vision_node.dir/src/YOLOv11/YOLOv11.cpp.o[0m
[ 83%] [32mBuilding CXX object CMakeFiles/vision_node.dir/src/shape_tools.cpp.o[0m
[ 83%] [32mBuilding CXX object CMakeFiles/vision_node.dir/src/vision_node.cpp.o[0m
[ 83%] [32mBuilding CXX object CMakeFiles/vision_node.dir/src/image_deal.cpp.o[0m
[100%] [32m[1mLinking CXX executable vision_node[0m
[100%] Built target vision_node
-- Install configuration: ""
-- Installing: /home/zoupeng/teamclimber_workspace/install/teamclimber_challenge/lib/teamclimber_challenge/vision_node
-- Set runtime path of "/home/zoupeng/teamclimber_workspace/install/teamclimber_challenge/lib/teamclimber_challenge/vision_node" to ""
-- Installing: /home/zoupeng/teamclimber_workspace/install/teamclimber_challenge/share/teamclimber_challenge/launch
-- Installing: /home/zoupeng/teamclimber_workspace/install/teamclimber_challenge/share/teamclimber_challenge/launch/vision.launch.py
-- Installing: /home/zoupeng/teamclimber_workspace/install/teamclimber_challenge/share/teamclimber_challenge/launch/shooter.launch.py
-- Installing: /home/zoupeng/teamclimber_workspace/install/teamclimber_challenge/share/ament_index/resource_index/package_run_dependencies/teamclimber_challenge
-- Installing: /home/zoupeng/teamclimber_workspace/install/teamclimber_challenge/share/ament_index/resource_index/parent_prefix_path/teamclimber_challenge
-- Installing: /home/zoupeng/teamclimber_workspace/install/teamclimber_challenge/share/teamclimber_challenge/environment/ament_prefix_path.sh
-- Installing: /home/zoupeng/teamclimber_workspace/install/teamclimber_challenge/share/teamclimber_challenge/environment/ament_prefix_path.dsv
-- Installing: /home/zoupeng/teamclimber_workspace/install/teamclimber_challenge/share/teamclimber_challenge/environment/path.sh
-- Installing: /home/zoupeng/teamclimber_workspace/install/teamclimber_challenge/share/teamclimber_challenge/environment/path.dsv
-- Installing: /home/zoupeng/teamclimber_workspace/install/teamclimber_challenge/share/teamclimber_challenge/local_setup.bash
-- Installing: /home/zoupeng/teamclimber_workspace/install/teamclimber_challenge/share/teamclimber_challenge/local_setup.sh
-- Installing: /home/zoupeng/teamclimber_workspace/install/teamclimber_challenge/share/teamclimber_challenge/local_setup.zsh
-- Installing: /home/zoupeng/teamclimber_workspace/install/teamclimber_challenge/share/teamclimber_challenge/local_setup.dsv
-- Installing: /home/zoupeng/teamclimber_workspace/install/teamclimber_challenge/share/teamclimber_challenge/package.dsv
-- Installing: /home/zoupeng/teamclimber_workspace/install/teamclimber_challenge/share/ament_index/resource_index/packages/teamclimber_challenge
-- Installing: /home/zoupeng/teamclimber_workspace/install/teamclimber_challenge/share/teamclimber_challenge/cmake/teamclimber_challengeConfig.cmake
-- Installing: /home/zoupeng/teamclimber_workspace/install/teamclimber_challenge/share/teamclimber_challenge/cmake/teamclimber_challengeConfig-version.cmake
-- Installing: /home/zoupeng/teamclimber_workspace/install/teamclimber_challenge/share/teamclimber_challenge/package.xml
