-- The C compiler identification is GNU 11.4.0
-- The CXX compiler identification is GNU 11.4.0
-- Detecting C compiler ABI info
-- Detecting C compiler ABI info - done
-- Check for working C compiler: /usr/bin/cc - skipped
-- Detecting C compile features
-- Detecting C compile features - done
-- Detecting CXX compiler ABI info
-- Detecting CXX compiler ABI info - done
-- Check for working CXX compiler: /usr/bin/c++ - skipped
-- Detecting CXX compile features
-- Detecting CXX compile features - done
-- Found ament_cmake: 1.3.12 (/opt/ros/humble/share/ament_cmake/cmake)
-- Found Python3: /usr/bin/python3 (found version "3.10.12") found components: Interpreter 
-- Found rclcpp: 16.0.15 (/opt/ros/humble/share/rclcpp/cmake)
-- Found rosidl_generator_c: 3.1.7 (/opt/ros/humble/share/rosidl_generator_c/cmake)
-- Found rosidl_adapter: 3.1.7 (/opt/ros/humble/share/rosidl_adapter/cmake)
-- Found rosidl_generator_cpp: 3.1.7 (/opt/ros/humble/share/rosidl_generator_cpp/cmake)
-- Using all available rosidl_typesupport_c: rosidl_typesupport_fastrtps_c;rosidl_typesupport_introspection_c
-- Using all available rosidl_typesupport_cpp: rosidl_typesupport_fastrtps_cpp;rosidl_typesupport_introspection_cpp
-- Found rmw_implementation_cmake: 6.1.2 (/opt/ros/humble/share/rmw_implementation_cmake/cmake)
-- Found rmw_fastrtps_cpp: 6.2.9 (/opt/ros/humble/share/rmw_fastrtps_cpp/cmake)
-- Found OpenSSL: /usr/lib/x86_64-linux-gnu/libcrypto.so (found version "3.0.2")  
-- Found FastRTPS: /opt/ros/humble/include  
-- Using RMW implementation 'rmw_fastrtps_cpp' as default
-- Looking for pthread.h
-- Looking for pthread.h - found
-- Performing Test CMAKE_HAVE_LIBC_PTHREAD
-- Performing Test CMAKE_HAVE_LIBC_PTHREAD - Success
-- Found Threads: TRUE  
-- Found gazebo_msgs: 3.9.0 (/opt/ros/humble/share/gazebo_msgs/cmake)
-- Found cv_bridge: 3.2.1 (/opt/ros/humble/share/cv_bridge/cmake)
-- Found referee_pkg: 0.0.0 (/home/zoupeng/Vision_Arena_2025/install/referee_pkg/share/referee_pkg/cmake)
-- Found pose_msg: 0.0.0 (/home/zoupeng/Vision_Arena_2025/install/pose_msg/share/pose_msg/cmake)
-- Found CUDA: /usr/local/cuda (found version "12.2") 
-- Configuring done
-- Generating done
-- Build files have been written to: /home/zoupeng/teamclimber_workspace/build/teamclimber_challenge
[ 16%] [34m[1mBuilding NVCC (Device) object CMakeFiles/vision_node.dir/src/YOLOv11/vision_node_generated_preprocess.cu.o[0m
/usr/local/include/opencv4/opencv2/stitching/detail/warpers.hpp(235): warning #611-D: overloaded virtual function "cv::detail::PlaneWarper::buildMaps" is only partially overridden in class "cv::detail::AffineWarper"
  class AffineWarper : public PlaneWarper
        ^

Remark: The warnings can be suppressed with "-diag-suppress <warning-number>"

/usr/local/include/opencv4/opencv2/stitching/detail/warpers.hpp(235): warning #611-D: overloaded virtual function "cv::detail::PlaneWarper::warp" is only partially overridden in class "cv::detail::AffineWarper"
  class AffineWarper : public PlaneWarper
        ^

/usr/local/include/opencv4/opencv2/stitching/detail/blenders.hpp(100): warning #611-D: overloaded virtual function "cv::detail::Blender::prepare" is only partially overridden in class "cv::detail::FeatherBlender"
  class FeatherBlender : public Blender
        ^

/usr/local/include/opencv4/opencv2/stitching/detail/blenders.hpp(127): warning #611-D: overloaded virtual function "cv::detail::Blender::prepare" is only partially overridden in class "cv::detail::MultiBandBlender"
  class MultiBandBlender : public Blender
        ^

/usr/local/include/opencv4/opencv2/stitching/detail/warpers.hpp(235): warning #611-D: overloaded virtual function "cv::detail::PlaneWarper::buildMaps" is only partially overridden in class "cv::detail::AffineWarper"
  class AffineWarper : public PlaneWarper
        ^

Remark: The warnings can be suppressed with "-diag-suppress <warning-number>"

/usr/local/include/opencv4/opencv2/stitching/detail/warpers.hpp(235): warning #611-D: overloaded virtual function "cv::detail::PlaneWarper::warp" is only partially overridden in class "cv::detail::AffineWarper"
  class AffineWarper : public PlaneWarper
        ^

/usr/local/include/opencv4/opencv2/stitching/detail/blenders.hpp(100): warning #611-D: overloaded virtual function "cv::detail::Blender::prepare" is only partially overridden in class "cv::detail::FeatherBlender"
  class FeatherBlender : public Blender
        ^

/usr/local/include/opencv4/opencv2/stitching/detail/blenders.hpp(127): warning #611-D: overloaded virtual function "cv::detail::Blender::prepare" is only partially overridden in class "cv::detail::MultiBandBlender"
  class MultiBandBlender : public Blender
        ^

[ 83%] [32mBuilding CXX object CMakeFiles/vision_node.dir/src/YOLOv11/YOLOv11.cpp.o[0m
[ 83%] [32mBuilding CXX object CMakeFiles/vision_node.dir/src/shape_tools.cpp.o[0m
[ 83%] [32mBuilding CXX object CMakeFiles/vision_node.dir/src/vision_node.cpp.o[0m
[ 83%] [32mBuilding CXX object CMakeFiles/vision_node.dir/src/image_deal.cpp.o[0m
[01m[K/home/zoupeng/teamclimber_workspace/src/teamclimber_challenge/src/YOLOv11/YOLOv11.cpp:[m[K In member function ‘[01m[Kvoid YOLOv11::build(std::string, nvinfer1::ILogger&)[m[K’:
[01m[K/home/zoupeng/teamclimber_workspace/src/teamclimber_challenge/src/YOLOv11/YOLOv11.cpp:192:38:[m[K [01;35m[Kwarning: [m[K‘[01m[Knvinfer1::BuilderFlag::kFP16[m[K’ is deprecated [[01;35m[K]8;;https://gcc.gnu.org/onlinedocs/gcc/Warning-Options.html#index-Wdeprecated-declarations-Wdeprecated-declarations]8;;[m[K]
  192 |         config->setFlag(BuilderFlag::[01;35m[KkFP16[m[K);
      |                                      [01;35m[K^~~~~[m[K
In file included from [01m[K/home/zoupeng/teamclimber_workspace/src/teamclimber_challenge/include/YOLOv11/YOLOv11.h:3[m[K,
                 from [01m[K/home/zoupeng/teamclimber_workspace/src/teamclimber_challenge/src/YOLOv11/YOLOv11.cpp:1[m[K:
[01m[K/home/zoupeng/TensorRT-10.14.1.48/include/NvInfer.h:9452:5:[m[K [01;36m[Knote: [m[Kdeclared here
 9452 |     [01;36m[KkFP16[m[K TRT_DEPRECATED_ENUM = 0,
      |     [01;36m[K^~~~~[m[K
[01m[K/home/zoupeng/teamclimber_workspace/src/teamclimber_challenge/src/YOLOv11/YOLOv11.cpp:192:38:[m[K [01;35m[Kwarning: [m[K‘[01m[Knvinfer1::BuilderFlag::kFP16[m[K’ is deprecated [[01;35m[K]8;;https://gcc.gnu.org/onlinedocs/gcc/Warning-Options.html#index-Wdeprecated-declarations-Wdeprecated-declarations]8;;[m[K]
  192 |         config->setFlag(BuilderFlag::[01;35m[KkFP16[m[K);
      |                                      [01;35m[K^~~~~[m[K
In file included from [01m[K/home/zoupeng/teamclimber_workspace/src/teamclimber_challenge/include/YOLOv11/YOLOv11.h:3[m[K,
                 from [01m[K/home/zoupeng/teamclimber_workspace/src/teamclimber_challenge/src/YOLOv11/YOLOv11.cpp:1[m[K:
[01m[K/home/zoupeng/TensorRT-10.14.1.48/include/NvInfer.h:9452:5:[m[K [01;36m[Knote: [m[Kdeclared here
 9452 |     [01;36m[KkFP16[m[K TRT_DEPRECATED_ENUM = 0,
      |     [01;36m[K^~~~~[m[K
[100%] [32m[1mLinking CXX executable vision_node[0m
/usr/bin/ld: warning: libopencv_imgproc.so.4.5d, needed by /opt/ros/humble/lib/libcv_bridge.so, may conflict with libopencv_imgproc.so.405
/usr/bin/ld: warning: libopencv_core.so.4.5d, needed by /opt/ros/humble/lib/libcv_bridge.so, may conflict with libopencv_core.so.405
[100%] Built target vision_node
-- Install configuration: ""
-- Installing: /home/zoupeng/teamclimber_workspace/install/teamclimber_challenge/lib/teamclimber_challenge/vision_node
-- Set runtime path of "/home/zoupeng/teamclimber_workspace/install/teamclimber_challenge/lib/teamclimber_challenge/vision_node" to ""
-- Installing: /home/zoupeng/teamclimber_workspace/install/teamclimber_challenge/share/teamclimber_challenge/launch
-- Installing: /home/zoupeng/teamclimber_workspace/install/teamclimber_challenge/share/teamclimber_challenge/launch/vision.launch.py
-- Installing: /home/zoupeng/teamclimber_workspace/install/teamclimber_challenge/share/teamclimber_challenge/launch/shooter.launch.py
-- Installing: /home/zoupeng/teamclimber_workspace/install/teamclimber_challenge/share/ament_index/resource_index/package_run_dependencies/teamclimber_challenge
-- Installing: /home/zoupeng/teamclimber_workspace/install/teamclimber_challenge/share/ament_index/resource_index/parent_prefix_path/teamclimber_challenge
-- Installing: /home/zoupeng/teamclimber_workspace/install/teamclimber_challenge/share/teamclimber_challenge/environment/ament_prefix_path.sh
-- Installing: /home/zoupeng/teamclimber_workspace/install/teamclimber_challenge/share/teamclimber_challenge/environment/ament_prefix_path.dsv
-- Installing: /home/zoupeng/teamclimber_workspace/install/teamclimber_challenge/share/teamclimber_challenge/environment/path.sh
-- Installing: /home/zoupeng/teamclimber_workspace/install/teamclimber_challenge/share/teamclimber_challenge/environment/path.dsv
-- Installing: /home/zoupeng/teamclimber_workspace/install/teamclimber_challenge/share/teamclimber_challenge/local_setup.bash
-- Installing: /home/zoupeng/teamclimber_workspace/install/teamclimber_challenge/share/teamclimber_challenge/local_setup.sh
-- Installing: /home/zoupeng/teamclimber_workspace/install/teamclimber_challenge/share/teamclimber_challenge/local_setup.zsh
-- Installing: /home/zoupeng/teamclimber_workspace/install/teamclimber_challenge/share/teamclimber_challenge/local_setup.dsv
-- Installing: /home/zoupeng/teamclimber_workspace/install/teamclimber_challenge/share/teamclimber_challenge/package.dsv
-- Installing: /home/zoupeng/teamclimber_workspace/install/teamclimber_challenge/share/ament_index/resource_index/packages/teamclimber_challenge
-- Installing: /home/zoupeng/teamclimber_workspace/install/teamclimber_challenge/share/teamclimber_challenge/cmake/teamclimber_challengeConfig.cmake
-- Installing: /home/zoupeng/teamclimber_workspace/install/teamclimber_challenge/share/teamclimber_challenge/cmake/teamclimber_challengeConfig-version.cmake
-- Installing: /home/zoupeng/teamclimber_workspace/install/teamclimber_challenge/share/teamclimber_challenge/package.xml
